<?xml version="1.0" encoding="UTF-8"?>
<testsuite xmlns:xsi="http://www.w3.org/2001/XMLSchema-instance" xsi:noNamespaceSchemaLocation="https://maven.apache.org/surefire/maven-surefire-plugin/xsd/surefire-test-report.xsd" name="com.arthur.learn.proweb.TestFruit" time="0.82" tests="2" errors="0" skipped="0" failures="0">
  <properties>
[...]
</properties>
  <testcase name="testGetSingleBean" classname="com.arthur.learn.proweb.TestFruit" time="0.786"/>
  <testcase name="testGetCount" classname="com.arthur.learn.proweb.TestFruit" time="0.006"/>
</testsuite>